INFO - 07/09/23 15:03:12 - 0:00:00 - FINE_SIZE: 224
                                     LOAD_SIZE: 256
                                     annealing_epoch: 10
                                     batch_sz: 128
                                     blocks: [2, 4]
                                     device: cpu
                                     dropout: 0.1
                                     filts: [20, [20, 20], [20, 128], [128, 128]]
                                     first_conv: 1024
                                     gradient_accumulation_steps: 3
                                     gru_node: 1024
                                     hidden: []
                                     hidden_sz: 768
                                     img_embed_pool_type: avg
                                     img_hidden_sz: 512
                                     in_channels: 1
                                     include_bn: True
                                     lr: 0.0001
                                     lr_factor: 0.3
                                     lr_patience: 10
                                     max_epochs: 500
                                     n_classes: 2
                                     n_workers: 12
                                     name: ReleasedVersion
                                     nb_fc_node: 1024
                                     nb_gru_layer: 3
                                     nb_samp: 64600
                                     num_image_embeds: 1
                                     patience: 20
                                     savedir: ./savepath/ETMC/nyud2/ReleasedVersion
                                     seed: 1
                                     train_data_path: datasets/train/fakeavceleb_1k*
                                     val_data_path: datasets/val/fakeavceleb_1k*
INFO - 07/09/23 15:25:42 - 0:00:00 - FINE_SIZE: 224
                                     LOAD_SIZE: 256
                                     annealing_epoch: 10
                                     batch_sz: 128
                                     blocks: [2, 4]
                                     device: cpu
                                     dropout: 0.1
                                     filts: [20, [20, 20], [20, 128], [128, 128]]
                                     first_conv: 1024
                                     gradient_accumulation_steps: 3
                                     gru_node: 1024
                                     hidden: []
                                     hidden_sz: 768
                                     img_embed_pool_type: avg
                                     img_hidden_sz: 512
                                     in_channels: 1
                                     include_bn: True
                                     lr: 0.0001
                                     lr_factor: 0.3
                                     lr_patience: 10
                                     max_epochs: 500
                                     n_classes: 2
                                     n_workers: 12
                                     name: ReleasedVersion
                                     nb_fc_node: 1024
                                     nb_gru_layer: 3
                                     nb_samp: 64600
                                     num_image_embeds: 1
                                     patience: 20
                                     savedir: ./savepath/ETMC/nyud2/ReleasedVersion
                                     seed: 1
                                     train_data_path: datasets/train/fakeavceleb_1k*
                                     val_data_path: datasets/val/fakeavceleb_1k*
INFO - 07/09/23 15:25:42 - 0:00:01 - Train Loss: nan
INFO - 07/09/23 15:25:42 - 0:00:01 - val: Loss: nan | depth_acc: nan, rgb_acc: nan
INFO - 07/09/23 15:25:42 - 0:00:01 - val: Loss: nan | depth_acc: nan, rgb_acc: nan, depth rgb acc: nan
INFO - 07/09/23 15:25:43 - 0:00:01 - Train Loss: nan
INFO - 07/09/23 15:25:43 - 0:00:01 - val: Loss: nan | depth_acc: nan, rgb_acc: nan
INFO - 07/09/23 15:25:43 - 0:00:01 - val: Loss: nan | depth_acc: nan, rgb_acc: nan, depth rgb acc: nan
INFO - 07/09/23 15:25:44 - 0:00:02 - Train Loss: nan
INFO - 07/09/23 15:25:44 - 0:00:02 - val: Loss: nan | depth_acc: nan, rgb_acc: nan
INFO - 07/09/23 15:25:44 - 0:00:02 - val: Loss: nan | depth_acc: nan, rgb_acc: nan, depth rgb acc: nan
INFO - 07/09/23 15:25:45 - 0:00:03 - Train Loss: nan
INFO - 07/09/23 15:25:45 - 0:00:03 - val: Loss: nan | depth_acc: nan, rgb_acc: nan
INFO - 07/09/23 15:25:45 - 0:00:03 - val: Loss: nan | depth_acc: nan, rgb_acc: nan, depth rgb acc: nan
INFO - 07/09/23 15:25:45 - 0:00:03 - Train Loss: nan
INFO - 07/09/23 15:25:45 - 0:00:03 - val: Loss: nan | depth_acc: nan, rgb_acc: nan
INFO - 07/09/23 15:25:45 - 0:00:03 - val: Loss: nan | depth_acc: nan, rgb_acc: nan, depth rgb acc: nan
INFO - 07/09/23 15:25:46 - 0:00:04 - Train Loss: nan
INFO - 07/09/23 15:25:46 - 0:00:04 - val: Loss: nan | depth_acc: nan, rgb_acc: nan
INFO - 07/09/23 15:25:46 - 0:00:04 - val: Loss: nan | depth_acc: nan, rgb_acc: nan, depth rgb acc: nan
INFO - 07/09/23 15:25:47 - 0:00:05 - Train Loss: nan
INFO - 07/09/23 15:25:47 - 0:00:05 - val: Loss: nan | depth_acc: nan, rgb_acc: nan
INFO - 07/09/23 15:25:47 - 0:00:05 - val: Loss: nan | depth_acc: nan, rgb_acc: nan, depth rgb acc: nan
INFO - 07/09/23 15:25:47 - 0:00:05 - Train Loss: nan
INFO - 07/09/23 15:25:47 - 0:00:05 - val: Loss: nan | depth_acc: nan, rgb_acc: nan
INFO - 07/09/23 15:25:47 - 0:00:05 - val: Loss: nan | depth_acc: nan, rgb_acc: nan, depth rgb acc: nan
INFO - 07/09/23 15:25:48 - 0:00:06 - Train Loss: nan
INFO - 07/09/23 15:25:48 - 0:00:06 - val: Loss: nan | depth_acc: nan, rgb_acc: nan
INFO - 07/09/23 15:25:48 - 0:00:06 - val: Loss: nan | depth_acc: nan, rgb_acc: nan, depth rgb acc: nan
INFO - 07/09/23 15:25:49 - 0:00:07 - Train Loss: nan
INFO - 07/09/23 15:25:49 - 0:00:07 - val: Loss: nan | depth_acc: nan, rgb_acc: nan
INFO - 07/09/23 15:25:49 - 0:00:07 - val: Loss: nan | depth_acc: nan, rgb_acc: nan, depth rgb acc: nan
INFO - 07/09/23 15:25:49 - 0:00:07 - Train Loss: nan
INFO - 07/09/23 15:25:49 - 0:00:07 - val: Loss: nan | depth_acc: nan, rgb_acc: nan
INFO - 07/09/23 15:25:49 - 0:00:07 - val: Loss: nan | depth_acc: nan, rgb_acc: nan, depth rgb acc: nan
INFO - 07/09/23 15:25:50 - 0:00:08 - Train Loss: nan
INFO - 07/09/23 15:25:50 - 0:00:08 - val: Loss: nan | depth_acc: nan, rgb_acc: nan
INFO - 07/09/23 15:25:50 - 0:00:08 - val: Loss: nan | depth_acc: nan, rgb_acc: nan, depth rgb acc: nan
INFO - 07/09/23 15:25:51 - 0:00:09 - Train Loss: nan
INFO - 07/09/23 15:25:51 - 0:00:09 - val: Loss: nan | depth_acc: nan, rgb_acc: nan
INFO - 07/09/23 15:25:51 - 0:00:09 - val: Loss: nan | depth_acc: nan, rgb_acc: nan, depth rgb acc: nan
INFO - 07/09/23 15:25:51 - 0:00:10 - Train Loss: nan
INFO - 07/09/23 15:25:51 - 0:00:10 - val: Loss: nan | depth_acc: nan, rgb_acc: nan
INFO - 07/09/23 15:25:51 - 0:00:10 - val: Loss: nan | depth_acc: nan, rgb_acc: nan, depth rgb acc: nan
INFO - 07/09/23 15:25:52 - 0:00:10 - Train Loss: nan
INFO - 07/09/23 15:25:52 - 0:00:10 - val: Loss: nan | depth_acc: nan, rgb_acc: nan
INFO - 07/09/23 15:25:52 - 0:00:10 - val: Loss: nan | depth_acc: nan, rgb_acc: nan, depth rgb acc: nan
INFO - 07/09/23 15:25:53 - 0:00:12 - Train Loss: nan
INFO - 07/09/23 15:25:53 - 0:00:12 - val: Loss: nan | depth_acc: nan, rgb_acc: nan
INFO - 07/09/23 15:25:53 - 0:00:12 - val: Loss: nan | depth_acc: nan, rgb_acc: nan, depth rgb acc: nan
INFO - 07/09/23 15:25:54 - 0:00:12 - Train Loss: nan
INFO - 07/09/23 15:25:54 - 0:00:12 - val: Loss: nan | depth_acc: nan, rgb_acc: nan
INFO - 07/09/23 15:25:54 - 0:00:12 - val: Loss: nan | depth_acc: nan, rgb_acc: nan, depth rgb acc: nan
INFO - 07/09/23 15:25:55 - 0:00:13 - Train Loss: nan
INFO - 07/09/23 15:25:55 - 0:00:13 - val: Loss: nan | depth_acc: nan, rgb_acc: nan
INFO - 07/09/23 15:25:55 - 0:00:13 - val: Loss: nan | depth_acc: nan, rgb_acc: nan, depth rgb acc: nan
INFO - 07/09/23 15:25:56 - 0:00:14 - Train Loss: nan
INFO - 07/09/23 15:25:56 - 0:00:14 - val: Loss: nan | depth_acc: nan, rgb_acc: nan
INFO - 07/09/23 15:25:56 - 0:00:14 - val: Loss: nan | depth_acc: nan, rgb_acc: nan, depth rgb acc: nan
INFO - 07/09/23 15:25:57 - 0:00:15 - Train Loss: nan
INFO - 07/09/23 15:25:57 - 0:00:15 - val: Loss: nan | depth_acc: nan, rgb_acc: nan
INFO - 07/09/23 15:25:57 - 0:00:15 - val: Loss: nan | depth_acc: nan, rgb_acc: nan, depth rgb acc: nan
INFO - 07/09/23 15:25:58 - 0:00:16 - No improvement. Breaking out of loop.
INFO - 07/09/23 15:34:55 - 0:00:00 - FINE_SIZE: 224
                                     LOAD_SIZE: 256
                                     annealing_epoch: 10
                                     batch_sz: 128
                                     blocks: [2, 4]
                                     device: cpu
                                     dropout: 0.1
                                     filts: [20, [20, 20], [20, 128], [128, 128]]
                                     first_conv: 1024
                                     gradient_accumulation_steps: 3
                                     gru_node: 1024
                                     hidden: []
                                     hidden_sz: 768
                                     img_embed_pool_type: avg
                                     img_hidden_sz: 512
                                     in_channels: 1
                                     include_bn: True
                                     lr: 0.0001
                                     lr_factor: 0.3
                                     lr_patience: 10
                                     max_epochs: 500
                                     n_classes: 2
                                     n_workers: 12
                                     name: ReleasedVersion
                                     nb_fc_node: 1024
                                     nb_gru_layer: 3
                                     nb_samp: 64600
                                     num_image_embeds: 1
                                     patience: 20
                                     savedir: ./savepath/ETMC/nyud2/ReleasedVersion
                                     seed: 1
                                     train_data_path: datasets/train/fakeavceleb_1k*
                                     val_data_path: datasets/val/fakeavceleb_1k*
INFO - 07/09/23 16:11:08 - 0:00:00 - FINE_SIZE: 224
                                     LOAD_SIZE: 256
                                     annealing_epoch: 10
                                     batch_sz: 128
                                     blocks: [2, 4]
                                     device: cpu
                                     dropout: 0.1
                                     filts: [20, [20, 20], [20, 128], [128, 128]]
                                     first_conv: 1024
                                     gradient_accumulation_steps: 3
                                     gru_node: 1024
                                     hidden: []
                                     hidden_sz: 768
                                     img_embed_pool_type: avg
                                     img_hidden_sz: 512
                                     in_channels: 1
                                     include_bn: True
                                     lr: 0.0001
                                     lr_factor: 0.3
                                     lr_patience: 10
                                     max_epochs: 500
                                     n_classes: 2
                                     n_workers: 12
                                     name: ReleasedVersion
                                     nb_fc_node: 1024
                                     nb_gru_layer: 3
                                     nb_samp: 64600
                                     num_image_embeds: 1
                                     patience: 20
                                     savedir: ./savepath/ETMC/nyud2/ReleasedVersion
                                     seed: 1
                                     train_data_path: datasets/train/fakeavceleb_1k*
                                     val_data_path: datasets/val/fakeavceleb_1k*
INFO - 07/11/23 22:10:26 - 0:00:00 - FINE_SIZE: 224
                                     LOAD_SIZE: 256
                                     annealing_epoch: 10
                                     batch_sz: 128
                                     blocks: [2, 4]
                                     device: cpu
                                     dropout: 0.1
                                     filts: [20, [20, 20], [20, 128], [128, 128]]
                                     first_conv: 1024
                                     gradient_accumulation_steps: 3
                                     gru_node: 1024
                                     hidden: []
                                     hidden_sz: 768
                                     img_embed_pool_type: avg
                                     img_hidden_sz: 512
                                     in_channels: 1
                                     include_bn: True
                                     lr: 0.0001
                                     lr_factor: 0.3
                                     lr_patience: 10
                                     max_epochs: 500
                                     n_classes: 2
                                     n_workers: 12
                                     name: ReleasedVersion
                                     nb_fc_node: 1024
                                     nb_gru_layer: 3
                                     nb_samp: 64600
                                     num_image_embeds: 1
                                     patience: 20
                                     savedir: ./savepath/ETMC/nyud2/ReleasedVersion
                                     seed: 1
                                     train_data_path: datasets/train/fakeavceleb_1k*
                                     val_data_path: datasets/val/fakeavceleb_1k*
INFO - 07/11/23 22:27:51 - 0:00:00 - FINE_SIZE: 224
                                     LOAD_SIZE: 256
                                     annealing_epoch: 10
                                     batch_sz: 128
                                     blocks: [2, 4]
                                     device: cpu
                                     dropout: 0.1
                                     filts: [20, [20, 20], [20, 128], [128, 128]]
                                     first_conv: 1024
                                     gradient_accumulation_steps: 3
                                     gru_node: 1024
                                     hidden: []
                                     hidden_sz: 768
                                     img_embed_pool_type: avg
                                     img_hidden_sz: 512
                                     in_channels: 1
                                     include_bn: True
                                     lr: 0.0001
                                     lr_factor: 0.3
                                     lr_patience: 10
                                     max_epochs: 500
                                     n_classes: 2
                                     n_workers: 12
                                     name: ReleasedVersion
                                     nb_fc_node: 1024
                                     nb_gru_layer: 3
                                     nb_samp: 64600
                                     num_image_embeds: 1
                                     patience: 20
                                     savedir: ./savepath/ETMC/nyud2/ReleasedVersion
                                     seed: 1
                                     train_data_path: datasets/train/fakeavceleb_1k*
                                     val_data_path: datasets/val/fakeavceleb_1k*
INFO - 07/11/23 22:30:44 - 0:00:00 - FINE_SIZE: 224
                                     LOAD_SIZE: 256
                                     annealing_epoch: 10
                                     batch_sz: 128
                                     blocks: [2, 4]
                                     device: cpu
                                     dropout: 0.1
                                     filts: [20, [20, 20], [20, 128], [128, 128]]
                                     first_conv: 1024
                                     gradient_accumulation_steps: 3
                                     gru_node: 1024
                                     hidden: []
                                     hidden_sz: 768
                                     img_embed_pool_type: avg
                                     img_hidden_sz: 512
                                     in_channels: 1
                                     include_bn: True
                                     lr: 0.0001
                                     lr_factor: 0.3
                                     lr_patience: 10
                                     max_epochs: 500
                                     n_classes: 2
                                     n_workers: 12
                                     name: ReleasedVersion
                                     nb_fc_node: 1024
                                     nb_gru_layer: 3
                                     nb_samp: 64600
                                     num_image_embeds: 1
                                     patience: 20
                                     savedir: ./savepath/ETMC/nyud2/ReleasedVersion
                                     seed: 1
                                     train_data_path: datasets/train/fakeavceleb_1k*
                                     val_data_path: datasets/val/fakeavceleb_1k*
INFO - 07/11/23 22:34:51 - 0:00:00 - FINE_SIZE: 224
                                     LOAD_SIZE: 256
                                     annealing_epoch: 10
                                     batch_sz: 128
                                     blocks: [2, 4]
                                     device: cpu
                                     dropout: 0.1
                                     filts: [20, [20, 20], [20, 128], [128, 128]]
                                     first_conv: 1024
                                     gradient_accumulation_steps: 3
                                     gru_node: 1024
                                     hidden: []
                                     hidden_sz: 768
                                     img_embed_pool_type: avg
                                     img_hidden_sz: 512
                                     in_channels: 1
                                     include_bn: True
                                     lr: 0.0001
                                     lr_factor: 0.3
                                     lr_patience: 10
                                     max_epochs: 500
                                     n_classes: 2
                                     n_workers: 12
                                     name: ReleasedVersion
                                     nb_fc_node: 1024
                                     nb_gru_layer: 3
                                     nb_samp: 64600
                                     num_image_embeds: 1
                                     patience: 20
                                     savedir: ./savepath/ETMC/nyud2/ReleasedVersion
                                     seed: 1
                                     train_data_path: datasets/train/fakeavceleb_1k*
                                     val_data_path: datasets/val/fakeavceleb_1k*
INFO - 07/11/23 22:36:40 - 0:00:00 - FINE_SIZE: 224
                                     LOAD_SIZE: 256
                                     annealing_epoch: 10
                                     batch_sz: 128
                                     blocks: [2, 4]
                                     device: cpu
                                     dropout: 0.1
                                     filts: [20, [20, 20], [20, 128], [128, 128]]
                                     first_conv: 1024
                                     gradient_accumulation_steps: 3
                                     gru_node: 1024
                                     hidden: []
                                     hidden_sz: 768
                                     img_embed_pool_type: avg
                                     img_hidden_sz: 512
                                     in_channels: 1
                                     include_bn: True
                                     lr: 0.0001
                                     lr_factor: 0.3
                                     lr_patience: 10
                                     max_epochs: 500
                                     n_classes: 2
                                     n_workers: 12
                                     name: ReleasedVersion
                                     nb_fc_node: 1024
                                     nb_gru_layer: 3
                                     nb_samp: 64600
                                     num_image_embeds: 1
                                     patience: 20
                                     savedir: ./savepath/ETMC/nyud2/ReleasedVersion
                                     seed: 1
                                     train_data_path: datasets/train/fakeavceleb_1k*
                                     val_data_path: datasets/val/fakeavceleb_1k*
